<?xml version="1.0" encoding="UTF-8" ?>
<testsuite failures="0" time="1.172" errors="0" skipped="0" tests="2" name="fr.generali.gfb.services.exemple.CalculTest">
  <properties>
    <property name="java.runtime.name" value="Java(TM) SE Runtime Environment"/>
    <property name="sun.boot.library.path" value="D:\jtb\softs\5.0.1\apps\jdk\1.6.0-18\jre\bin"/>
    <property name="java.vm.version" value="16.0-b13"/>
    <property name="java.vm.vendor" value="Sun Microsystems Inc."/>
    <property name="java.vendor.url" value="http://java.sun.com/"/>
    <property name="path.separator" value=";"/>
    <property name="java.vm.name" value="Java HotSpot(TM) Client VM"/>
    <property name="file.encoding.pkg" value="sun.io"/>
    <property name="user.country" value="FR"/>
    <property name="sun.java.launcher" value="SUN_STANDARD"/>
    <property name="sun.os.patch.level" value="Service Pack 3"/>
    <property name="java.vm.specification.name" value="Java Virtual Machine Specification"/>
    <property name="user.dir" value="D:\dev\project\gfb\gfb-services"/>
    <property name="java.runtime.version" value="1.6.0_18-b07"/>
    <property name="java.awt.graphicsenv" value="sun.awt.Win32GraphicsEnvironment"/>
    <property name="basedir" value="D:\dev\project\gfb\gfb-services"/>
    <property name="java.endorsed.dirs" value="D:\jtb\softs\5.0.1\apps\jdk\1.6.0-18\jre\lib\endorsed"/>
    <property name="os.arch" value="x86"/>
    <property name="surefire.real.class.path" value="D:\jtb\data\tmp\surefirebooter2509368120509322120.jar"/>
    <property name="java.io.tmpdir" value="D:\jtb\data\tmp\"/>
    <property name="line.separator" value="
"/>
    <property name="java.vm.specification.vendor" value="Sun Microsystems Inc."/>
    <property name="user.variant" value=""/>
    <property name="os.name" value="Windows XP"/>
    <property name="sun.jnu.encoding" value="Cp1252"/>
    <property name="org.apache.maven.user-settings" value="D:\jtb\user\settings\maven\settings.xml"/>
    <property name="java.library.path" value="D:\jtb\softs\5.0.1\apps\jdk\1.6.0-18\jre\bin;.;C:\WINDOWS\Sun\Java\bin;C:\WINDOWS\system32;C:\WINDOWS;D:\jtb\softs\5.0.1\apps\jdk\1.6.0-18\bin;D:\jtb\softs\5.0.1\apps\svn-win32-1.6.6\bin;D:\jtb\user\scripts;D:\jtb\softs\5.0.1\scripts;C:\WINDOWS\system32;C:\WINDOWS;C:\WINDOWS\System32\Wbem;C:\WINDOWS\system32\nls;C:\WINDOWS\system32\nls\FRANCAIS;C:\Program Files\Novell\ZENworks\;C:\Program Files\Windows Imaging\;C:\Oracle\ora92\bin;D:\jtb\softs\5.0.1\apps\tortoise-svn-1.6.8.19260-win32-svn-1.6.11\bin;D:\jtb\softs\5.0.1\apps\jdk\1.5.0-21\bin;;D:\dev\user\softs\apache-maven-2.2.1\bin"/>
    <property name="surefire.test.class.path" value="D:\dev\project\gfb\gfb-services\target\test-classes;D:\dev\project\gfb\gfb-services\target\classes;D:\jtb\data\maven2\fr\generali\socle\fondations\socle-fondations-core\2.1.0\socle-fondations-core-2.1.0.jar;D:\jtb\data\maven2\org\springframework\spring-core\2.5.6\spring-core-2.5.6.jar;D:\jtb\data\maven2\commons-logging\commons-logging\1.4.3-slf4j\commons-logging-1.4.3-slf4j.jar;D:\jtb\data\maven2\org\springframework\spring-beans\2.5.6\spring-beans-2.5.6.jar;D:\jtb\data\maven2\org\springframework\spring-context\2.5.6\spring-context-2.5.6.jar;D:\jtb\data\maven2\aopalliance\aopalliance\1.0\aopalliance-1.0.jar;D:\jtb\data\maven2\org\springframework\spring-aop\2.5.6\spring-aop-2.5.6.jar;D:\jtb\data\maven2\org\aspectj\aspectjweaver\1.5.4\aspectjweaver-1.5.4.jar;D:\jtb\data\maven2\commons-collections\commons-collections\3.2\commons-collections-3.2.jar;D:\jtb\data\maven2\org\slf4j\slf4j-api\1.4.3\slf4j-api-1.4.3.jar;D:\jtb\data\maven2\ch\qos\logback\logback-core\0.9.8\logback-core-0.9.8.jar;D:\jtb\data\maven2\ch\qos\logback\logback-classic\0.9.8\logback-classic-0.9.8.jar;D:\jtb\data\maven2\commons-configuration\commons-configuration\1.5\commons-configuration-1.5.jar;D:\jtb\data\maven2\commons-lang\commons-lang\2.3\commons-lang-2.3.jar;D:\jtb\data\maven2\commons-digester\commons-digester\1.8\commons-digester-1.8.jar;D:\jtb\data\maven2\commons-beanutils\commons-beanutils\1.7.0\commons-beanutils-1.7.0.jar;D:\jtb\data\maven2\commons-beanutils\commons-beanutils-core\1.7.0\commons-beanutils-core-1.7.0.jar;D:\jtb\data\maven2\fr\generali\socle\fondations\socle-fondations-ws\2.1.0\socle-fondations-ws-2.1.0.jar;D:\jtb\data\maven2\org\codehaus\xfire\xfire-spring\1.2.7-generali-1\xfire-spring-1.2.7-generali-1.jar;D:\jtb\data\maven2\junit\junit\4.4\junit-4.4.jar;D:\jtb\data\maven2\org\apache\xbean\xbean-spring\2.8\xbean-spring-2.8.jar;D:\jtb\data\maven2\org\codehaus\xfire\xfire-xmlbeans\1.2.7-generali-3\xfire-xmlbeans-1.2.7-generali-3.jar;D:\jtb\data\maven2\org\codehaus\xfire\xfire-aegis\1.2.7-generali-3\xfire-aegis-1.2.7-generali-3.jar;D:\jtb\data\maven2\org\codehaus\xfire\xfire-core\1.2.7-generali-3\xfire-core-1.2.7-generali-3.jar;D:\jtb\data\maven2\javax\activation\activation\1.1\activation-1.1.jar;D:\jtb\data\maven2\javax\mail\mail\1.4\mail-1.4.jar;D:\jtb\data\maven2\wsdl4j\wsdl4j\1.6.1\wsdl4j-1.6.1.jar;D:\jtb\data\maven2\jaxen\jaxen\1.1-beta-9\jaxen-1.1-beta-9.jar;D:\jtb\data\maven2\jdom\jdom\1.0\jdom-1.0.jar;D:\jtb\data\maven2\xerces\xmlParserAPIs\2.6.2\xmlParserAPIs-2.6.2.jar;D:\jtb\data\maven2\xerces\xercesImpl\2.8.1\xercesImpl-2.8.1.jar;D:\jtb\data\maven2\stax\stax-api\1.0.1\stax-api-1.0.1.jar;D:\jtb\data\maven2\commons-codec\commons-codec\1.2\commons-codec-1.2.jar;D:\jtb\data\maven2\org\apache\ws\commons\XmlSchema\1.1\XmlSchema-1.1.jar;D:\jtb\data\maven2\org\codehaus\woodstox\wstx-asl\3.2.0\wstx-asl-3.2.0.jar;D:\jtb\data\maven2\commons-httpclient\commons-httpclient\3.1\commons-httpclient-3.1.jar;D:\jtb\data\maven2\net\java\dev\stax-utils\stax-utils\20040917\stax-utils-20040917.jar;D:\jtb\data\maven2\xmlbeans\xbean\2.2.0\xbean-2.2.0.jar;D:\jtb\data\maven2\org\codehaus\xfire\xfire-annotations\1.2.7-generali-3\xfire-annotations-1.2.7-generali-3.jar;D:\jtb\data\maven2\commons-attributes\commons-attributes-api\2.1\commons-attributes-api-2.1.jar;D:\jtb\data\maven2\ant\ant\1.5\ant-1.5.jar;D:\jtb\data\maven2\qdox\qdox\1.5\qdox-1.5.jar;D:\jtb\data\maven2\org\codehaus\xfire\xfire-jaxb2\1.2.7-generali-1\xfire-jaxb2-1.2.7-generali-1.jar;D:\jtb\data\maven2\org\codehaus\xfire\xfire-java5\1.2.7-generali-3\xfire-java5-1.2.7-generali-3.jar;D:\jtb\data\maven2\xfire\xfire-jsr181-api\1.0-M1\xfire-jsr181-api-1.0-M1.jar;D:\jtb\data\maven2\com\sun\xml\bind\jaxb-xjc\2.0.1\jaxb-xjc-2.0.1.jar;D:\jtb\data\maven2\com\sun\xml\bind\jaxb-impl\2.0.1\jaxb-impl-2.0.1.jar;D:\jtb\data\maven2\javax\xml\jaxb-api\2.0\jaxb-api-2.0.jar;D:\jtb\data\maven2\javax\xml\ws\jaxws-api\2.0\jaxws-api-2.0.jar;D:\jtb\data\maven2\javax\xml\bind\jaxb-api\2.1\jaxb-api-2.1.jar;D:\jtb\data\maven2\javax\xml\stream\stax-api\1.0-2\stax-api-1.0-2.jar;D:\jtb\data\maven2\org\springframework\spring-tx\2.5.3\spring-tx-2.5.3.jar;D:\jtb\data\maven2\org\springframework\spring-webmvc\2.5.3\spring-webmvc-2.5.3.jar;D:\jtb\data\maven2\org\springframework\spring-context-support\2.5.3\spring-context-support-2.5.3.jar;D:\jtb\data\maven2\org\springframework\spring-web\2.5.3\spring-web-2.5.3.jar;D:\jtb\data\maven2\fr\generali\socle\fondations\socle-fondations-test\2.1.0\socle-fondations-test-2.1.0.jar;D:\jtb\data\maven2\org\unitils\unitils\1.0\unitils-1.0.jar;D:\jtb\data\maven2\commons-dbcp\commons-dbcp\1.2.2\commons-dbcp-1.2.2.jar;D:\jtb\data\maven2\commons-pool\commons-pool\1.3\commons-pool-1.3.jar;D:\jtb\data\maven2\ognl\ognl\2.6.9\ognl-2.6.9.jar;D:\jtb\data\maven2\javax\transaction\jta\1.0.1B\jta-1.0.1B.jar;D:\jtb\data\maven2\org\springframework\spring-test\2.5.3\spring-test-2.5.3.jar;D:\jtb\data\maven2\jmock\jmock\1.2.0\jmock-1.2.0.jar;D:\jtb\data\maven2\jmock\jmock-cglib\1.2.0\jmock-cglib-1.2.0.jar;D:\jtb\data\maven2\cglib\cglib-nodep\2.1_3\cglib-nodep-2.1_3.jar;D:\jtb\data\maven2\org\easymock\easymock\2.3\easymock-2.3.jar;D:\jtb\data\maven2\org\easymock\easymockclassextension\2.3\easymockclassextension-2.3.jar;D:\jtb\data\maven2\org\dbunit\dbunit\2.2\dbunit-2.2.jar;D:\jtb\data\maven2\junit-addons\junit-addons\1.4\junit-addons-1.4.jar;D:\jtb\data\maven2\poi\poi\2.5.1-final-20040804\poi-2.5.1-final-20040804.jar;D:\jtb\data\maven2\hsqldb\hsqldb\1.8.0.7\hsqldb-1.8.0.7.jar;D:\jtb\data\maven2\org\codehaus\xfire\xfire-jaxws\1.2.7-generali-3\xfire-jaxws-1.2.7-generali-3.jar;D:\jtb\data\maven2\com\sun\xml\messaging\saaj\saaj-impl\1.3\saaj-impl-1.3.jar;D:\jtb\data\maven2\javax\xml\soap\saaj-api\1.3\saaj-api-1.3.jar;D:\jtb\data\maven2\org\codehaus\xfire\xfire-generator\1.2.7-generali-3\xfire-generator-1.2.7-generali-3.jar;D:\jtb\data\maven2\com\thoughtworks\xstream\xstream\1.3.1\xstream-1.3.1.jar;D:\jtb\data\maven2\xpp3\xpp3_min\1.1.4c\xpp3_min-1.1.4c.jar;D:\jtb\data\maven2\fr\generali\elisa\ELISA_WS_3_CLIENT\05.05.02-RC1\ELISA_WS_3_CLIENT-05.05.02-RC1.jar;D:\jtb\data\maven2\fr\generali\socle\generali-socle-ws\1.8.2\generali-socle-ws-1.8.2.jar;D:\jtb\data\maven2\org\springframework\spring-remoting\2.0.8\spring-remoting-2.0.8.jar;D:\jtb\data\maven2\fr\generali\socle\generali-socle-ws-client\1.8.2\generali-socle-ws-client-1.8.2.jar;D:\jtb\data\maven2\org\slf4j\slf4j-log4j12\1.4.3\slf4j-log4j12-1.4.3.jar;D:\jtb\data\maven2\log4j\log4j\1.2.14\log4j-1.2.14.jar;D:\jtb\data\maven2\xml-apis\xml-apis\1.0.b2\xml-apis-1.0.b2.jar;D:\jtb\data\maven2\javax\servlet\jstl\1.1.0\jstl-1.1.0.jar;D:\jtb\data\maven2\taglibs\standard\1.1.0\standard-1.1.0.jar;D:\jtb\data\maven2\org\codehaus\xfire\xfire-ws-security\1.2.7-generali-2\xfire-ws-security-1.2.7-generali-2.jar;D:\jtb\data\maven2\xfire\opensaml\1.0.1\opensaml-1.0.1.jar;D:\jtb\data\maven2\bouncycastle\bcprov-jdk15\133\bcprov-jdk15-133.jar;D:\jtb\data\maven2\xml-security\xmlsec\1.3.0\xmlsec-1.3.0.jar;D:\jtb\data\maven2\wss4j\wss4j\1.5.1\wss4j-1.5.1.jar;D:\jtb\data\maven2\commons-discovery\commons-discovery\0.2\commons-discovery-0.2.jar;"/>
    <property name="java.specification.name" value="Java Platform API Specification"/>
    <property name="java.class.version" value="50.0"/>
    <property name="user.locale" value="fr"/>
    <property name="sun.management.compiler" value="HotSpot Client Compiler"/>
    <property name="os.version" value="5.1"/>
    <property name="user.home" value="D:\jtb\user\settings"/>
    <property name="user.timezone" value="Europe/Paris"/>
    <property name="java.awt.printerjob" value="sun.awt.windows.WPrinterJob"/>
    <property name="java.specification.version" value="1.6"/>
    <property name="file.encoding" value="Cp1252"/>
    <property name="user.name" value="a000ddz"/>
    <property name="java.class.path" value="D:\dev\project\gfb\gfb-services\target\test-classes;D:\dev\project\gfb\gfb-services\target\classes;D:\jtb\data\maven2\fr\generali\socle\fondations\socle-fondations-core\2.1.0\socle-fondations-core-2.1.0.jar;D:\jtb\data\maven2\org\springframework\spring-core\2.5.6\spring-core-2.5.6.jar;D:\jtb\data\maven2\commons-logging\commons-logging\1.4.3-slf4j\commons-logging-1.4.3-slf4j.jar;D:\jtb\data\maven2\org\springframework\spring-beans\2.5.6\spring-beans-2.5.6.jar;D:\jtb\data\maven2\org\springframework\spring-context\2.5.6\spring-context-2.5.6.jar;D:\jtb\data\maven2\aopalliance\aopalliance\1.0\aopalliance-1.0.jar;D:\jtb\data\maven2\org\springframework\spring-aop\2.5.6\spring-aop-2.5.6.jar;D:\jtb\data\maven2\org\aspectj\aspectjweaver\1.5.4\aspectjweaver-1.5.4.jar;D:\jtb\data\maven2\commons-collections\commons-collections\3.2\commons-collections-3.2.jar;D:\jtb\data\maven2\org\slf4j\slf4j-api\1.4.3\slf4j-api-1.4.3.jar;D:\jtb\data\maven2\ch\qos\logback\logback-core\0.9.8\logback-core-0.9.8.jar;D:\jtb\data\maven2\ch\qos\logback\logback-classic\0.9.8\logback-classic-0.9.8.jar;D:\jtb\data\maven2\commons-configuration\commons-configuration\1.5\commons-configuration-1.5.jar;D:\jtb\data\maven2\commons-lang\commons-lang\2.3\commons-lang-2.3.jar;D:\jtb\data\maven2\commons-digester\commons-digester\1.8\commons-digester-1.8.jar;D:\jtb\data\maven2\commons-beanutils\commons-beanutils\1.7.0\commons-beanutils-1.7.0.jar;D:\jtb\data\maven2\commons-beanutils\commons-beanutils-core\1.7.0\commons-beanutils-core-1.7.0.jar;D:\jtb\data\maven2\fr\generali\socle\fondations\socle-fondations-ws\2.1.0\socle-fondations-ws-2.1.0.jar;D:\jtb\data\maven2\org\codehaus\xfire\xfire-spring\1.2.7-generali-1\xfire-spring-1.2.7-generali-1.jar;D:\jtb\data\maven2\junit\junit\4.4\junit-4.4.jar;D:\jtb\data\maven2\org\apache\xbean\xbean-spring\2.8\xbean-spring-2.8.jar;D:\jtb\data\maven2\org\codehaus\xfire\xfire-xmlbeans\1.2.7-generali-3\xfire-xmlbeans-1.2.7-generali-3.jar;D:\jtb\data\maven2\org\codehaus\xfire\xfire-aegis\1.2.7-generali-3\xfire-aegis-1.2.7-generali-3.jar;D:\jtb\data\maven2\org\codehaus\xfire\xfire-core\1.2.7-generali-3\xfire-core-1.2.7-generali-3.jar;D:\jtb\data\maven2\javax\activation\activation\1.1\activation-1.1.jar;D:\jtb\data\maven2\javax\mail\mail\1.4\mail-1.4.jar;D:\jtb\data\maven2\wsdl4j\wsdl4j\1.6.1\wsdl4j-1.6.1.jar;D:\jtb\data\maven2\jaxen\jaxen\1.1-beta-9\jaxen-1.1-beta-9.jar;D:\jtb\data\maven2\jdom\jdom\1.0\jdom-1.0.jar;D:\jtb\data\maven2\xerces\xmlParserAPIs\2.6.2\xmlParserAPIs-2.6.2.jar;D:\jtb\data\maven2\xerces\xercesImpl\2.8.1\xercesImpl-2.8.1.jar;D:\jtb\data\maven2\stax\stax-api\1.0.1\stax-api-1.0.1.jar;D:\jtb\data\maven2\commons-codec\commons-codec\1.2\commons-codec-1.2.jar;D:\jtb\data\maven2\org\apache\ws\commons\XmlSchema\1.1\XmlSchema-1.1.jar;D:\jtb\data\maven2\org\codehaus\woodstox\wstx-asl\3.2.0\wstx-asl-3.2.0.jar;D:\jtb\data\maven2\commons-httpclient\commons-httpclient\3.1\commons-httpclient-3.1.jar;D:\jtb\data\maven2\net\java\dev\stax-utils\stax-utils\20040917\stax-utils-20040917.jar;D:\jtb\data\maven2\xmlbeans\xbean\2.2.0\xbean-2.2.0.jar;D:\jtb\data\maven2\org\codehaus\xfire\xfire-annotations\1.2.7-generali-3\xfire-annotations-1.2.7-generali-3.jar;D:\jtb\data\maven2\commons-attributes\commons-attributes-api\2.1\commons-attributes-api-2.1.jar;D:\jtb\data\maven2\ant\ant\1.5\ant-1.5.jar;D:\jtb\data\maven2\qdox\qdox\1.5\qdox-1.5.jar;D:\jtb\data\maven2\org\codehaus\xfire\xfire-jaxb2\1.2.7-generali-1\xfire-jaxb2-1.2.7-generali-1.jar;D:\jtb\data\maven2\org\codehaus\xfire\xfire-java5\1.2.7-generali-3\xfire-java5-1.2.7-generali-3.jar;D:\jtb\data\maven2\xfire\xfire-jsr181-api\1.0-M1\xfire-jsr181-api-1.0-M1.jar;D:\jtb\data\maven2\com\sun\xml\bind\jaxb-xjc\2.0.1\jaxb-xjc-2.0.1.jar;D:\jtb\data\maven2\com\sun\xml\bind\jaxb-impl\2.0.1\jaxb-impl-2.0.1.jar;D:\jtb\data\maven2\javax\xml\jaxb-api\2.0\jaxb-api-2.0.jar;D:\jtb\data\maven2\javax\xml\ws\jaxws-api\2.0\jaxws-api-2.0.jar;D:\jtb\data\maven2\javax\xml\bind\jaxb-api\2.1\jaxb-api-2.1.jar;D:\jtb\data\maven2\javax\xml\stream\stax-api\1.0-2\stax-api-1.0-2.jar;D:\jtb\data\maven2\org\springframework\spring-tx\2.5.3\spring-tx-2.5.3.jar;D:\jtb\data\maven2\org\springframework\spring-webmvc\2.5.3\spring-webmvc-2.5.3.jar;D:\jtb\data\maven2\org\springframework\spring-context-support\2.5.3\spring-context-support-2.5.3.jar;D:\jtb\data\maven2\org\springframework\spring-web\2.5.3\spring-web-2.5.3.jar;D:\jtb\data\maven2\fr\generali\socle\fondations\socle-fondations-test\2.1.0\socle-fondations-test-2.1.0.jar;D:\jtb\data\maven2\org\unitils\unitils\1.0\unitils-1.0.jar;D:\jtb\data\maven2\commons-dbcp\commons-dbcp\1.2.2\commons-dbcp-1.2.2.jar;D:\jtb\data\maven2\commons-pool\commons-pool\1.3\commons-pool-1.3.jar;D:\jtb\data\maven2\ognl\ognl\2.6.9\ognl-2.6.9.jar;D:\jtb\data\maven2\javax\transaction\jta\1.0.1B\jta-1.0.1B.jar;D:\jtb\data\maven2\org\springframework\spring-test\2.5.3\spring-test-2.5.3.jar;D:\jtb\data\maven2\jmock\jmock\1.2.0\jmock-1.2.0.jar;D:\jtb\data\maven2\jmock\jmock-cglib\1.2.0\jmock-cglib-1.2.0.jar;D:\jtb\data\maven2\cglib\cglib-nodep\2.1_3\cglib-nodep-2.1_3.jar;D:\jtb\data\maven2\org\easymock\easymock\2.3\easymock-2.3.jar;D:\jtb\data\maven2\org\easymock\easymockclassextension\2.3\easymockclassextension-2.3.jar;D:\jtb\data\maven2\org\dbunit\dbunit\2.2\dbunit-2.2.jar;D:\jtb\data\maven2\junit-addons\junit-addons\1.4\junit-addons-1.4.jar;D:\jtb\data\maven2\poi\poi\2.5.1-final-20040804\poi-2.5.1-final-20040804.jar;D:\jtb\data\maven2\hsqldb\hsqldb\1.8.0.7\hsqldb-1.8.0.7.jar;D:\jtb\data\maven2\org\codehaus\xfire\xfire-jaxws\1.2.7-generali-3\xfire-jaxws-1.2.7-generali-3.jar;D:\jtb\data\maven2\com\sun\xml\messaging\saaj\saaj-impl\1.3\saaj-impl-1.3.jar;D:\jtb\data\maven2\javax\xml\soap\saaj-api\1.3\saaj-api-1.3.jar;D:\jtb\data\maven2\org\codehaus\xfire\xfire-generator\1.2.7-generali-3\xfire-generator-1.2.7-generali-3.jar;D:\jtb\data\maven2\com\thoughtworks\xstream\xstream\1.3.1\xstream-1.3.1.jar;D:\jtb\data\maven2\xpp3\xpp3_min\1.1.4c\xpp3_min-1.1.4c.jar;D:\jtb\data\maven2\fr\generali\elisa\ELISA_WS_3_CLIENT\05.05.02-RC1\ELISA_WS_3_CLIENT-05.05.02-RC1.jar;D:\jtb\data\maven2\fr\generali\socle\generali-socle-ws\1.8.2\generali-socle-ws-1.8.2.jar;D:\jtb\data\maven2\org\springframework\spring-remoting\2.0.8\spring-remoting-2.0.8.jar;D:\jtb\data\maven2\fr\generali\socle\generali-socle-ws-client\1.8.2\generali-socle-ws-client-1.8.2.jar;D:\jtb\data\maven2\org\slf4j\slf4j-log4j12\1.4.3\slf4j-log4j12-1.4.3.jar;D:\jtb\data\maven2\log4j\log4j\1.2.14\log4j-1.2.14.jar;D:\jtb\data\maven2\xml-apis\xml-apis\1.0.b2\xml-apis-1.0.b2.jar;D:\jtb\data\maven2\javax\servlet\jstl\1.1.0\jstl-1.1.0.jar;D:\jtb\data\maven2\taglibs\standard\1.1.0\standard-1.1.0.jar;D:\jtb\data\maven2\org\codehaus\xfire\xfire-ws-security\1.2.7-generali-2\xfire-ws-security-1.2.7-generali-2.jar;D:\jtb\data\maven2\xfire\opensaml\1.0.1\opensaml-1.0.1.jar;D:\jtb\data\maven2\bouncycastle\bcprov-jdk15\133\bcprov-jdk15-133.jar;D:\jtb\data\maven2\xml-security\xmlsec\1.3.0\xmlsec-1.3.0.jar;D:\jtb\data\maven2\wss4j\wss4j\1.5.1\wss4j-1.5.1.jar;D:\jtb\data\maven2\commons-discovery\commons-discovery\0.2\commons-discovery-0.2.jar;"/>
    <property name="java.vm.specification.version" value="1.0"/>
    <property name="sun.arch.data.model" value="32"/>
    <property name="java.home" value="D:\jtb\softs\5.0.1\apps\jdk\1.6.0-18\jre"/>
    <property name="java.specification.vendor" value="Sun Microsystems Inc."/>
    <property name="user.language" value="fr"/>
    <property name="awt.toolkit" value="sun.awt.windows.WToolkit"/>
    <property name="java.vm.info" value="mixed mode"/>
    <property name="org.apache.maven.global-settings" value="D:\jtb\softs\settings\maven\settings.xml"/>
    <property name="java.version" value="1.6.0_18"/>
    <property name="java.ext.dirs" value="D:\jtb\softs\5.0.1\apps\jdk\1.6.0-18\jre\lib\ext;C:\WINDOWS\Sun\Java\lib\ext"/>
    <property name="sun.boot.class.path" value="D:\jtb\softs\5.0.1\apps\jdk\1.6.0-18\jre\lib\resources.jar;D:\jtb\softs\5.0.1\apps\jdk\1.6.0-18\jre\lib\rt.jar;D:\jtb\softs\5.0.1\apps\jdk\1.6.0-18\jre\lib\sunrsasign.jar;D:\jtb\softs\5.0.1\apps\jdk\1.6.0-18\jre\lib\jsse.jar;D:\jtb\softs\5.0.1\apps\jdk\1.6.0-18\jre\lib\jce.jar;D:\jtb\softs\5.0.1\apps\jdk\1.6.0-18\jre\lib\charsets.jar;D:\jtb\softs\5.0.1\apps\jdk\1.6.0-18\jre\classes"/>
    <property name="java.vendor" value="Sun Microsystems Inc."/>
    <property name="localRepository" value="D:\jtb\data\maven2"/>
    <property name="file.separator" value="\"/>
    <property name="java.vendor.url.bug" value="http://java.sun.com/cgi-bin/bugreport.cgi"/>
    <property name="sun.cpu.endian" value="little"/>
    <property name="sun.io.unicode.encoding" value="UnicodeLittle"/>
    <property name="sun.desktop" value="windows"/>
    <property name="sun.cpu.isalist" value="pentium_pro+mmx pentium_pro pentium+mmx pentium i486 i386 i86"/>
  </properties>
  <testcase time="1.141" classname="fr.generali.gfb.services.exemple.CalculTest" name="testAddition"/>
  <testcase time="0" classname="fr.generali.gfb.services.exemple.CalculTest" name="testMultiplication"/>
</testsuite>