<?xml version="1.0" encoding="UTF-8" ?>
<testsuite failures="0" time="0.031" errors="0" skipped="0" tests="1" name="fr.generali.gfb.ws.sinistre.converter.auto.DeclarationSinistreIncendieConverterTest">
  <properties>
    <property name="java.runtime.name" value="Java(TM) SE Runtime Environment"/>
    <property name="sun.boot.library.path" value="D:\jtb\softs\5.0.1\apps\jdk\1.6.0-18\jre\bin"/>
    <property name="java.vm.version" value="16.0-b13"/>
    <property name="java.vm.vendor" value="Sun Microsystems Inc."/>
    <property name="java.vendor.url" value="http://java.sun.com/"/>
    <property name="path.separator" value=";"/>
    <property name="java.vm.name" value="Java HotSpot(TM) Client VM"/>
    <property name="file.encoding.pkg" value="sun.io"/>
    <property name="user.country" value="FR"/>
    <property name="sun.java.launcher" value="SUN_STANDARD"/>
    <property name="sun.os.patch.level" value="Service Pack 3"/>
    <property name="java.vm.specification.name" value="Java Virtual Machine Specification"/>
    <property name="user.dir" value="D:\dev\project\gfb\gfb-sinistre-service"/>
    <property name="java.runtime.version" value="1.6.0_18-b07"/>
    <property name="java.awt.graphicsenv" value="sun.awt.Win32GraphicsEnvironment"/>
    <property name="basedir" value="D:\dev\project\gfb\gfb-sinistre-service"/>
    <property name="java.endorsed.dirs" value="D:\jtb\softs\5.0.1\apps\jdk\1.6.0-18\jre\lib\endorsed"/>
    <property name="os.arch" value="x86"/>
    <property name="surefire.real.class.path" value="D:\jtb\data\tmp\surefirebooter2975233862049762637.jar"/>
    <property name="java.io.tmpdir" value="D:\jtb\data\tmp\"/>
    <property name="line.separator" value="
"/>
    <property name="java.vm.specification.vendor" value="Sun Microsystems Inc."/>
    <property name="user.variant" value=""/>
    <property name="os.name" value="Windows XP"/>
    <property name="sun.jnu.encoding" value="Cp1252"/>
    <property name="org.apache.maven.user-settings" value="D:\jtb\user\settings\maven\settings.xml"/>
    <property name="java.library.path" value="D:\jtb\softs\5.0.1\apps\jdk\1.6.0-18\jre\bin;.;C:\WINDOWS\Sun\Java\bin;C:\WINDOWS\system32;C:\WINDOWS;D:\jtb\softs\5.0.1\apps\jdk\1.6.0-18\bin;D:\jtb\softs\5.0.1\apps\svn-win32-1.6.6\bin;D:\jtb\user\scripts;D:\jtb\softs\5.0.1\scripts;C:\WINDOWS\system32;C:\WINDOWS;C:\WINDOWS\System32\Wbem;C:\WINDOWS\system32\nls;C:\WINDOWS\system32\nls\FRANCAIS;C:\Program Files\Novell\ZENworks\;C:\Program Files\Windows Imaging\;C:\Oracle\ora92\bin;D:\jtb\softs\5.0.1\apps\tortoise-svn-1.6.8.19260-win32-svn-1.6.11\bin;D:\jtb\softs\5.0.1\apps\jdk\1.5.0-21\bin;;D:\dev\user\softs\apache-maven-2.2.1\bin"/>
    <property name="surefire.test.class.path" value="D:\dev\project\gfb\gfb-sinistre-service\target\test-classes;D:\dev\project\gfb\gfb-sinistre-service\target\classes;D:\jtb\data\maven2\fr\generali\socle\fondations\socle-fondations-core\2.1.0\socle-fondations-core-2.1.0.jar;D:\jtb\data\maven2\org\springframework\spring-core\2.5.6\spring-core-2.5.6.jar;D:\jtb\data\maven2\commons-logging\commons-logging\1.0.4\commons-logging-1.0.4.jar;D:\jtb\data\maven2\org\springframework\spring-beans\2.5.6\spring-beans-2.5.6.jar;D:\jtb\data\maven2\org\springframework\spring-context\2.5.6\spring-context-2.5.6.jar;D:\jtb\data\maven2\aopalliance\aopalliance\1.0\aopalliance-1.0.jar;D:\jtb\data\maven2\org\springframework\spring-aop\2.5.6\spring-aop-2.5.6.jar;D:\jtb\data\maven2\org\aspectj\aspectjweaver\1.5.4\aspectjweaver-1.5.4.jar;D:\jtb\data\maven2\commons-collections\commons-collections\3.2\commons-collections-3.2.jar;D:\jtb\data\maven2\org\slf4j\slf4j-api\1.4.3\slf4j-api-1.4.3.jar;D:\jtb\data\maven2\ch\qos\logback\logback-core\0.9.8\logback-core-0.9.8.jar;D:\jtb\data\maven2\ch\qos\logback\logback-classic\0.9.8\logback-classic-0.9.8.jar;D:\jtb\data\maven2\commons-configuration\commons-configuration\1.5\commons-configuration-1.5.jar;D:\jtb\data\maven2\commons-lang\commons-lang\2.3\commons-lang-2.3.jar;D:\jtb\data\maven2\commons-digester\commons-digester\1.8\commons-digester-1.8.jar;D:\jtb\data\maven2\commons-beanutils\commons-beanutils\1.7.0\commons-beanutils-1.7.0.jar;D:\jtb\data\maven2\commons-beanutils\commons-beanutils-core\1.7.0\commons-beanutils-core-1.7.0.jar;D:\jtb\data\maven2\fr\generali\socle\fondations\socle-fondations-test\2.1.0\socle-fondations-test-2.1.0.jar;D:\jtb\data\maven2\junit\junit\4.4\junit-4.4.jar;D:\jtb\data\maven2\org\unitils\unitils\1.0\unitils-1.0.jar;D:\jtb\data\maven2\commons-dbcp\commons-dbcp\1.2.2\commons-dbcp-1.2.2.jar;D:\jtb\data\maven2\commons-pool\commons-pool\1.3\commons-pool-1.3.jar;D:\jtb\data\maven2\ognl\ognl\2.6.9\ognl-2.6.9.jar;D:\jtb\data\maven2\javax\transaction\jta\1.0.1B\jta-1.0.1B.jar;D:\jtb\data\maven2\org\springframework\spring-test\2.5.3\spring-test-2.5.3.jar;D:\jtb\data\maven2\jmock\jmock\1.2.0\jmock-1.2.0.jar;D:\jtb\data\maven2\jmock\jmock-cglib\1.2.0\jmock-cglib-1.2.0.jar;D:\jtb\data\maven2\cglib\cglib-nodep\2.1_3\cglib-nodep-2.1_3.jar;D:\jtb\data\maven2\org\easymock\easymock\2.3\easymock-2.3.jar;D:\jtb\data\maven2\org\easymock\easymockclassextension\2.3\easymockclassextension-2.3.jar;D:\jtb\data\maven2\org\dbunit\dbunit\2.2\dbunit-2.2.jar;D:\jtb\data\maven2\hsqldb\hsqldb\1.8.0.7\hsqldb-1.8.0.7.jar;D:\jtb\data\maven2\fr\generali\socle\fondations\socle-fondations-hibernate\2.1.0\socle-fondations-hibernate-2.1.0.jar;D:\jtb\data\maven2\org\springframework\spring-orm\2.5.3\spring-orm-2.5.3.jar;D:\jtb\data\maven2\org\springframework\spring-tx\2.5.3\spring-tx-2.5.3.jar;D:\jtb\data\maven2\org\springframework\spring-jdbc\2.5.3\spring-jdbc-2.5.3.jar;D:\jtb\data\maven2\org\hibernate\hibernate\3.2.4.sp1\hibernate-3.2.4.sp1.jar;D:\jtb\data\maven2\net\sf\ehcache\ehcache\1.2.3\ehcache-1.2.3.jar;D:\jtb\data\maven2\asm\asm-attrs\1.5.3\asm-attrs-1.5.3.jar;D:\jtb\data\maven2\dom4j\dom4j\1.6.1\dom4j-1.6.1.jar;D:\jtb\data\maven2\antlr\antlr\2.7.6\antlr-2.7.6.jar;D:\jtb\data\maven2\cglib\cglib\2.1_3\cglib-2.1_3.jar;D:\jtb\data\maven2\asm\asm\1.5.3\asm-1.5.3.jar;D:\jtb\data\maven2\org\hibernate\hibernate-annotations\3.2.1.ga\hibernate-annotations-3.2.1.ga.jar;D:\jtb\data\maven2\javax\persistence\persistence-api\1.0\persistence-api-1.0.jar;D:\jtb\data\maven2\org\hibernate\hibernate-commons-annotations\3.0.0.ga\hibernate-commons-annotations-3.0.0.ga.jar;D:\jtb\data\maven2\fr\generali\socle\ria\socle-ria-core\2.1.0\socle-ria-core-2.1.0.jar;D:\jtb\data\maven2\org\hibernate\hibernate-validator\3.0.0.ga\hibernate-validator-3.0.0.ga.jar;D:\dev\project\gfb\gfb-sinistre-service-client\target\gfb-sinistre-service-client-1.1.19-SNAPSHOT.jar;D:\jtb\data\maven2\com\lowagie\itext\2.1.0\itext-2.1.0.jar;D:\jtb\data\maven2\bouncycastle\bcmail-jdk14\136\bcmail-jdk14-136.jar;D:\jtb\data\maven2\bouncycastle\bcprov-jdk14\136\bcprov-jdk14-136.jar;D:\jtb\data\maven2\pdfbox\pdfbox\0.7.3\pdfbox-0.7.3.jar;D:\jtb\data\maven2\org\fontbox\fontbox\0.1.0\fontbox-0.1.0.jar;D:\jtb\data\maven2\org\jempbox\jempbox\0.2.0\jempbox-0.2.0.jar;D:\jtb\data\maven2\fr\generali\espaceclient\eai\eai-client\17.2\eai-client-17.2.jar;D:\jtb\data\maven2\fr\generali\espaceclient\common\common-pivot\17.2\common-pivot-17.2.jar;D:\jtb\data\maven2\org\slf4j\jcl-over-slf4j\1.5.10\jcl-over-slf4j-1.5.10.jar;D:\jtb\data\maven2\com\sun\xml\bind\jaxb-impl\2.1.12\jaxb-impl-2.1.12.jar;D:\jtb\data\maven2\javax\xml\bind\jaxb-api\2.1\jaxb-api-2.1.jar;D:\jtb\data\maven2\javax\xml\stream\stax-api\1.0-2\stax-api-1.0-2.jar;D:\jtb\data\maven2\javax\activation\activation\1.1\activation-1.1.jar;D:\jtb\data\maven2\xml-apis\xml-apis\1.3.03\xml-apis-1.3.03.jar;D:\jtb\data\maven2\fr\generali\socle\fondations\socle-fondations-ws\2.1.0\socle-fondations-ws-2.1.0.jar;D:\jtb\data\maven2\org\codehaus\xfire\xfire-spring\1.2.7-generali-3\xfire-spring-1.2.7-generali-3.jar;D:\jtb\data\maven2\org\apache\xbean\xbean-spring\2.8\xbean-spring-2.8.jar;D:\jtb\data\maven2\org\codehaus\xfire\xfire-xmlbeans\1.2.7-generali-3\xfire-xmlbeans-1.2.7-generali-3.jar;D:\jtb\data\maven2\org\codehaus\xfire\xfire-aegis\1.2.7-generali-3\xfire-aegis-1.2.7-generali-3.jar;D:\jtb\data\maven2\org\codehaus\xfire\xfire-core\1.2.7-generali-1\xfire-core-1.2.7-generali-1.jar;D:\jtb\data\maven2\wsdl4j\wsdl4j\1.6.1\wsdl4j-1.6.1.jar;D:\jtb\data\maven2\jaxen\jaxen\1.1-beta-9\jaxen-1.1-beta-9.jar;D:\jtb\data\maven2\jdom\jdom\1.0\jdom-1.0.jar;D:\jtb\data\maven2\stax\stax-api\1.0.1\stax-api-1.0.1.jar;D:\jtb\data\maven2\commons-codec\commons-codec\1.2\commons-codec-1.2.jar;D:\jtb\data\maven2\org\apache\ws\commons\XmlSchema\1.1\XmlSchema-1.1.jar;D:\jtb\data\maven2\org\codehaus\woodstox\wstx-asl\3.2.0\wstx-asl-3.2.0.jar;D:\jtb\data\maven2\commons-httpclient\commons-httpclient\3.1\commons-httpclient-3.1.jar;D:\jtb\data\maven2\net\java\dev\stax-utils\stax-utils\20040917\stax-utils-20040917.jar;D:\jtb\data\maven2\xmlbeans\xbean\2.2.0\xbean-2.2.0.jar;D:\jtb\data\maven2\org\codehaus\xfire\xfire-annotations\1.2.7-generali-3\xfire-annotations-1.2.7-generali-3.jar;D:\jtb\data\maven2\commons-attributes\commons-attributes-api\2.1\commons-attributes-api-2.1.jar;D:\jtb\data\maven2\ant\ant\1.5\ant-1.5.jar;D:\jtb\data\maven2\qdox\qdox\1.5\qdox-1.5.jar;D:\jtb\data\maven2\org\codehaus\xfire\xfire-jaxb2\1.2.7-generali-1\xfire-jaxb2-1.2.7-generali-1.jar;D:\jtb\data\maven2\org\codehaus\xfire\xfire-java5\1.2.7-generali-3\xfire-java5-1.2.7-generali-3.jar;D:\jtb\data\maven2\xfire\xfire-jsr181-api\1.0-M1\xfire-jsr181-api-1.0-M1.jar;D:\jtb\data\maven2\com\sun\xml\bind\jaxb-xjc\2.0.1\jaxb-xjc-2.0.1.jar;D:\jtb\data\maven2\javax\xml\ws\jaxws-api\2.0\jaxws-api-2.0.jar;D:\jtb\data\maven2\org\springframework\spring-webmvc\2.5.3\spring-webmvc-2.5.3.jar;D:\jtb\data\maven2\org\springframework\spring-context-support\2.5.6.SEC01\spring-context-support-2.5.6.SEC01.jar;D:\jtb\data\maven2\org\springframework\spring-web\2.5.3\spring-web-2.5.3.jar;D:\jtb\data\maven2\fr\generali\socle\portal\facade\portal-facade-service\1.0.0-M6\portal-facade-service-1.0.0-M6.jar;D:\jtb\data\maven2\com\thoughtworks\xstream\xstream\1.3.1\xstream-1.3.1.jar;D:\jtb\data\maven2\xpp3\xpp3_min\1.1.4c\xpp3_min-1.1.4c.jar;D:\jtb\data\maven2\net\sf\opencsv\opencsv\1.8\opencsv-1.8.jar;D:\jtb\data\maven2\org\springframework\spring-jms\2.5.6.SEC01\spring-jms-2.5.6.SEC01.jar;D:\jtb\data\maven2\org\apache\velocity\velocity\1.6\velocity-1.6.jar;D:\jtb\data\maven2\oro\oro\2.0.8\oro-2.0.8.jar;D:\jtb\data\maven2\com\wm\wmbrokerclient\6.5.2\wmbrokerclient-6.5.2.jar;D:\jtb\data\maven2\com\wm\wmjmsclient\6.5.2\wmjmsclient-6.5.2.jar;D:\jtb\data\maven2\com\wm\wmjmsnaming\6.5.2\wmjmsnaming-6.5.2.jar;D:\jtb\data\maven2\fr\generali\espaceclient\proxy\generic-proxy\11.0\generic-proxy-11.0.jar;D:\jtb\data\maven2\fr\generali\socle\fondations\socle-fondations-security\2.1.0\socle-fondations-security-2.1.0.jar;D:\jtb\data\maven2\org\acegisecurity\acegi-security\1.0.6\acegi-security-1.0.6.jar;D:\jtb\data\maven2\fr\generali\gef2\gef2-client-xfire\0.4.8\gef2-client-xfire-0.4.8.jar;D:\jtb\data\maven2\fr\generali\soe\generali-framework-messages\1.0.3\generali-framework-messages-1.0.3.jar;D:\jtb\data\maven2\commons-validator\commons-validator\1.3.1\commons-validator-1.3.1.jar;D:\jtb\data\maven2\fr\generali\soe\generali-framework-auth-eci-racf\1.0.2\generali-framework-auth-eci-racf-1.0.2.jar;D:\jtb\data\maven2\fr\generali\acl\acc-xfire\1.0.15\acc-xfire-1.0.15.jar;D:\jtb\data\maven2\org\codehaus\xfire\xfire-jaxws\1.2.7-generali-3\xfire-jaxws-1.2.7-generali-3.jar;D:\jtb\data\maven2\com\sun\xml\messaging\saaj\saaj-impl\1.3\saaj-impl-1.3.jar;D:\jtb\data\maven2\javax\xml\soap\saaj-api\1.3\saaj-api-1.3.jar;D:\jtb\data\maven2\org\codehaus\xfire\xfire-generator\1.2.7-generali-3\xfire-generator-1.2.7-generali-3.jar;D:\jtb\data\maven2\net\sf\dozer\dozer\4.2.1\dozer-4.2.1.jar;D:\jtb\data\maven2\fr\generali\espaceclient\proxy\generic-client\11.0\generic-client-11.0.jar;D:\jtb\data\maven2\fr\generali\espaceclient\proxy\generic-proxy-client\11.0\generic-proxy-client-11.0.jar;D:\jtb\data\maven2\fr\generali\espaceclient\proxy\proxy-aspect\11.0\proxy-aspect-11.0.jar;D:\jtb\data\maven2\joda-time\joda-time\1.6\joda-time-1.6.jar;D:\jtb\data\maven2\backport-util-concurrent\backport-util-concurrent\3.1\backport-util-concurrent-3.1.jar;D:\jtb\data\maven2\net\sf\jsr107cache\jsr107cache\1.0\jsr107cache-1.0.jar;D:\jtb\data\maven2\org\apache\solr\solr-commons-csv\1.3.0\solr-commons-csv-1.3.0.jar;D:\jtb\data\maven2\fr\generali\espaceclient\common\common-auth\11.0\common-auth-11.0.jar;D:\jtb\data\maven2\fr\generali\ccj\socle\securite\ccj-securite-spi\1.0.0-RC2\ccj-securite-spi-1.0.0-RC2.jar;D:\jtb\data\maven2\fr\generali\espaceclient\proxy\rce-proxy\11.0\rce-proxy-11.0.jar;D:\jtb\data\maven2\fr\generali\espaceclient\proxy\rce-proxy-client\11.0\rce-proxy-client-11.0.jar;D:\jtb\data\maven2\fr\generali\espaceclient\common\common\11.0\common-11.0.jar;D:\jtb\data\maven2\fr\generali\espaceclient\proxy\rce-proxy-bouchon\11.0\rce-proxy-bouchon-11.0.jar;D:\jtb\data\maven2\fr\generali\espaceclient\proxy\gef2-util\11.0\gef2-util-11.0.jar;D:\jtb\data\maven2\fr\generali\rceclients\services-clients-ws-client\1.3.0\services-clients-ws-client-1.3.0.jar;D:\jtb\data\maven2\fr\generali\resume\resume-ws-client\1.0.4\resume-ws-client-1.0.4.jar;"/>
    <property name="java.specification.name" value="Java Platform API Specification"/>
    <property name="java.class.version" value="50.0"/>
    <property name="user.locale" value="fr"/>
    <property name="sun.management.compiler" value="HotSpot Client Compiler"/>
    <property name="os.version" value="5.1"/>
    <property name="user.home" value="D:\jtb\user\settings"/>
    <property name="user.timezone" value="Europe/Paris"/>
    <property name="java.awt.printerjob" value="sun.awt.windows.WPrinterJob"/>
    <property name="java.specification.version" value="1.6"/>
    <property name="file.encoding" value="Cp1252"/>
    <property name="user.name" value="a000ddz"/>
    <property name="java.class.path" value="D:\dev\project\gfb\gfb-sinistre-service\target\test-classes;D:\dev\project\gfb\gfb-sinistre-service\target\classes;D:\jtb\data\maven2\fr\generali\socle\fondations\socle-fondations-core\2.1.0\socle-fondations-core-2.1.0.jar;D:\jtb\data\maven2\org\springframework\spring-core\2.5.6\spring-core-2.5.6.jar;D:\jtb\data\maven2\commons-logging\commons-logging\1.0.4\commons-logging-1.0.4.jar;D:\jtb\data\maven2\org\springframework\spring-beans\2.5.6\spring-beans-2.5.6.jar;D:\jtb\data\maven2\org\springframework\spring-context\2.5.6\spring-context-2.5.6.jar;D:\jtb\data\maven2\aopalliance\aopalliance\1.0\aopalliance-1.0.jar;D:\jtb\data\maven2\org\springframework\spring-aop\2.5.6\spring-aop-2.5.6.jar;D:\jtb\data\maven2\org\aspectj\aspectjweaver\1.5.4\aspectjweaver-1.5.4.jar;D:\jtb\data\maven2\commons-collections\commons-collections\3.2\commons-collections-3.2.jar;D:\jtb\data\maven2\org\slf4j\slf4j-api\1.4.3\slf4j-api-1.4.3.jar;D:\jtb\data\maven2\ch\qos\logback\logback-core\0.9.8\logback-core-0.9.8.jar;D:\jtb\data\maven2\ch\qos\logback\logback-classic\0.9.8\logback-classic-0.9.8.jar;D:\jtb\data\maven2\commons-configuration\commons-configuration\1.5\commons-configuration-1.5.jar;D:\jtb\data\maven2\commons-lang\commons-lang\2.3\commons-lang-2.3.jar;D:\jtb\data\maven2\commons-digester\commons-digester\1.8\commons-digester-1.8.jar;D:\jtb\data\maven2\commons-beanutils\commons-beanutils\1.7.0\commons-beanutils-1.7.0.jar;D:\jtb\data\maven2\commons-beanutils\commons-beanutils-core\1.7.0\commons-beanutils-core-1.7.0.jar;D:\jtb\data\maven2\fr\generali\socle\fondations\socle-fondations-test\2.1.0\socle-fondations-test-2.1.0.jar;D:\jtb\data\maven2\junit\junit\4.4\junit-4.4.jar;D:\jtb\data\maven2\org\unitils\unitils\1.0\unitils-1.0.jar;D:\jtb\data\maven2\commons-dbcp\commons-dbcp\1.2.2\commons-dbcp-1.2.2.jar;D:\jtb\data\maven2\commons-pool\commons-pool\1.3\commons-pool-1.3.jar;D:\jtb\data\maven2\ognl\ognl\2.6.9\ognl-2.6.9.jar;D:\jtb\data\maven2\javax\transaction\jta\1.0.1B\jta-1.0.1B.jar;D:\jtb\data\maven2\org\springframework\spring-test\2.5.3\spring-test-2.5.3.jar;D:\jtb\data\maven2\jmock\jmock\1.2.0\jmock-1.2.0.jar;D:\jtb\data\maven2\jmock\jmock-cglib\1.2.0\jmock-cglib-1.2.0.jar;D:\jtb\data\maven2\cglib\cglib-nodep\2.1_3\cglib-nodep-2.1_3.jar;D:\jtb\data\maven2\org\easymock\easymock\2.3\easymock-2.3.jar;D:\jtb\data\maven2\org\easymock\easymockclassextension\2.3\easymockclassextension-2.3.jar;D:\jtb\data\maven2\org\dbunit\dbunit\2.2\dbunit-2.2.jar;D:\jtb\data\maven2\hsqldb\hsqldb\1.8.0.7\hsqldb-1.8.0.7.jar;D:\jtb\data\maven2\fr\generali\socle\fondations\socle-fondations-hibernate\2.1.0\socle-fondations-hibernate-2.1.0.jar;D:\jtb\data\maven2\org\springframework\spring-orm\2.5.3\spring-orm-2.5.3.jar;D:\jtb\data\maven2\org\springframework\spring-tx\2.5.3\spring-tx-2.5.3.jar;D:\jtb\data\maven2\org\springframework\spring-jdbc\2.5.3\spring-jdbc-2.5.3.jar;D:\jtb\data\maven2\org\hibernate\hibernate\3.2.4.sp1\hibernate-3.2.4.sp1.jar;D:\jtb\data\maven2\net\sf\ehcache\ehcache\1.2.3\ehcache-1.2.3.jar;D:\jtb\data\maven2\asm\asm-attrs\1.5.3\asm-attrs-1.5.3.jar;D:\jtb\data\maven2\dom4j\dom4j\1.6.1\dom4j-1.6.1.jar;D:\jtb\data\maven2\antlr\antlr\2.7.6\antlr-2.7.6.jar;D:\jtb\data\maven2\cglib\cglib\2.1_3\cglib-2.1_3.jar;D:\jtb\data\maven2\asm\asm\1.5.3\asm-1.5.3.jar;D:\jtb\data\maven2\org\hibernate\hibernate-annotations\3.2.1.ga\hibernate-annotations-3.2.1.ga.jar;D:\jtb\data\maven2\javax\persistence\persistence-api\1.0\persistence-api-1.0.jar;D:\jtb\data\maven2\org\hibernate\hibernate-commons-annotations\3.0.0.ga\hibernate-commons-annotations-3.0.0.ga.jar;D:\jtb\data\maven2\fr\generali\socle\ria\socle-ria-core\2.1.0\socle-ria-core-2.1.0.jar;D:\jtb\data\maven2\org\hibernate\hibernate-validator\3.0.0.ga\hibernate-validator-3.0.0.ga.jar;D:\dev\project\gfb\gfb-sinistre-service-client\target\gfb-sinistre-service-client-1.1.19-SNAPSHOT.jar;D:\jtb\data\maven2\com\lowagie\itext\2.1.0\itext-2.1.0.jar;D:\jtb\data\maven2\bouncycastle\bcmail-jdk14\136\bcmail-jdk14-136.jar;D:\jtb\data\maven2\bouncycastle\bcprov-jdk14\136\bcprov-jdk14-136.jar;D:\jtb\data\maven2\pdfbox\pdfbox\0.7.3\pdfbox-0.7.3.jar;D:\jtb\data\maven2\org\fontbox\fontbox\0.1.0\fontbox-0.1.0.jar;D:\jtb\data\maven2\org\jempbox\jempbox\0.2.0\jempbox-0.2.0.jar;D:\jtb\data\maven2\fr\generali\espaceclient\eai\eai-client\17.2\eai-client-17.2.jar;D:\jtb\data\maven2\fr\generali\espaceclient\common\common-pivot\17.2\common-pivot-17.2.jar;D:\jtb\data\maven2\org\slf4j\jcl-over-slf4j\1.5.10\jcl-over-slf4j-1.5.10.jar;D:\jtb\data\maven2\com\sun\xml\bind\jaxb-impl\2.1.12\jaxb-impl-2.1.12.jar;D:\jtb\data\maven2\javax\xml\bind\jaxb-api\2.1\jaxb-api-2.1.jar;D:\jtb\data\maven2\javax\xml\stream\stax-api\1.0-2\stax-api-1.0-2.jar;D:\jtb\data\maven2\javax\activation\activation\1.1\activation-1.1.jar;D:\jtb\data\maven2\xml-apis\xml-apis\1.3.03\xml-apis-1.3.03.jar;D:\jtb\data\maven2\fr\generali\socle\fondations\socle-fondations-ws\2.1.0\socle-fondations-ws-2.1.0.jar;D:\jtb\data\maven2\org\codehaus\xfire\xfire-spring\1.2.7-generali-3\xfire-spring-1.2.7-generali-3.jar;D:\jtb\data\maven2\org\apache\xbean\xbean-spring\2.8\xbean-spring-2.8.jar;D:\jtb\data\maven2\org\codehaus\xfire\xfire-xmlbeans\1.2.7-generali-3\xfire-xmlbeans-1.2.7-generali-3.jar;D:\jtb\data\maven2\org\codehaus\xfire\xfire-aegis\1.2.7-generali-3\xfire-aegis-1.2.7-generali-3.jar;D:\jtb\data\maven2\org\codehaus\xfire\xfire-core\1.2.7-generali-1\xfire-core-1.2.7-generali-1.jar;D:\jtb\data\maven2\wsdl4j\wsdl4j\1.6.1\wsdl4j-1.6.1.jar;D:\jtb\data\maven2\jaxen\jaxen\1.1-beta-9\jaxen-1.1-beta-9.jar;D:\jtb\data\maven2\jdom\jdom\1.0\jdom-1.0.jar;D:\jtb\data\maven2\stax\stax-api\1.0.1\stax-api-1.0.1.jar;D:\jtb\data\maven2\commons-codec\commons-codec\1.2\commons-codec-1.2.jar;D:\jtb\data\maven2\org\apache\ws\commons\XmlSchema\1.1\XmlSchema-1.1.jar;D:\jtb\data\maven2\org\codehaus\woodstox\wstx-asl\3.2.0\wstx-asl-3.2.0.jar;D:\jtb\data\maven2\commons-httpclient\commons-httpclient\3.1\commons-httpclient-3.1.jar;D:\jtb\data\maven2\net\java\dev\stax-utils\stax-utils\20040917\stax-utils-20040917.jar;D:\jtb\data\maven2\xmlbeans\xbean\2.2.0\xbean-2.2.0.jar;D:\jtb\data\maven2\org\codehaus\xfire\xfire-annotations\1.2.7-generali-3\xfire-annotations-1.2.7-generali-3.jar;D:\jtb\data\maven2\commons-attributes\commons-attributes-api\2.1\commons-attributes-api-2.1.jar;D:\jtb\data\maven2\ant\ant\1.5\ant-1.5.jar;D:\jtb\data\maven2\qdox\qdox\1.5\qdox-1.5.jar;D:\jtb\data\maven2\org\codehaus\xfire\xfire-jaxb2\1.2.7-generali-1\xfire-jaxb2-1.2.7-generali-1.jar;D:\jtb\data\maven2\org\codehaus\xfire\xfire-java5\1.2.7-generali-3\xfire-java5-1.2.7-generali-3.jar;D:\jtb\data\maven2\xfire\xfire-jsr181-api\1.0-M1\xfire-jsr181-api-1.0-M1.jar;D:\jtb\data\maven2\com\sun\xml\bind\jaxb-xjc\2.0.1\jaxb-xjc-2.0.1.jar;D:\jtb\data\maven2\javax\xml\ws\jaxws-api\2.0\jaxws-api-2.0.jar;D:\jtb\data\maven2\org\springframework\spring-webmvc\2.5.3\spring-webmvc-2.5.3.jar;D:\jtb\data\maven2\org\springframework\spring-context-support\2.5.6.SEC01\spring-context-support-2.5.6.SEC01.jar;D:\jtb\data\maven2\org\springframework\spring-web\2.5.3\spring-web-2.5.3.jar;D:\jtb\data\maven2\fr\generali\socle\portal\facade\portal-facade-service\1.0.0-M6\portal-facade-service-1.0.0-M6.jar;D:\jtb\data\maven2\com\thoughtworks\xstream\xstream\1.3.1\xstream-1.3.1.jar;D:\jtb\data\maven2\xpp3\xpp3_min\1.1.4c\xpp3_min-1.1.4c.jar;D:\jtb\data\maven2\net\sf\opencsv\opencsv\1.8\opencsv-1.8.jar;D:\jtb\data\maven2\org\springframework\spring-jms\2.5.6.SEC01\spring-jms-2.5.6.SEC01.jar;D:\jtb\data\maven2\org\apache\velocity\velocity\1.6\velocity-1.6.jar;D:\jtb\data\maven2\oro\oro\2.0.8\oro-2.0.8.jar;D:\jtb\data\maven2\com\wm\wmbrokerclient\6.5.2\wmbrokerclient-6.5.2.jar;D:\jtb\data\maven2\com\wm\wmjmsclient\6.5.2\wmjmsclient-6.5.2.jar;D:\jtb\data\maven2\com\wm\wmjmsnaming\6.5.2\wmjmsnaming-6.5.2.jar;D:\jtb\data\maven2\fr\generali\espaceclient\proxy\generic-proxy\11.0\generic-proxy-11.0.jar;D:\jtb\data\maven2\fr\generali\socle\fondations\socle-fondations-security\2.1.0\socle-fondations-security-2.1.0.jar;D:\jtb\data\maven2\org\acegisecurity\acegi-security\1.0.6\acegi-security-1.0.6.jar;D:\jtb\data\maven2\fr\generali\gef2\gef2-client-xfire\0.4.8\gef2-client-xfire-0.4.8.jar;D:\jtb\data\maven2\fr\generali\soe\generali-framework-messages\1.0.3\generali-framework-messages-1.0.3.jar;D:\jtb\data\maven2\commons-validator\commons-validator\1.3.1\commons-validator-1.3.1.jar;D:\jtb\data\maven2\fr\generali\soe\generali-framework-auth-eci-racf\1.0.2\generali-framework-auth-eci-racf-1.0.2.jar;D:\jtb\data\maven2\fr\generali\acl\acc-xfire\1.0.15\acc-xfire-1.0.15.jar;D:\jtb\data\maven2\org\codehaus\xfire\xfire-jaxws\1.2.7-generali-3\xfire-jaxws-1.2.7-generali-3.jar;D:\jtb\data\maven2\com\sun\xml\messaging\saaj\saaj-impl\1.3\saaj-impl-1.3.jar;D:\jtb\data\maven2\javax\xml\soap\saaj-api\1.3\saaj-api-1.3.jar;D:\jtb\data\maven2\org\codehaus\xfire\xfire-generator\1.2.7-generali-3\xfire-generator-1.2.7-generali-3.jar;D:\jtb\data\maven2\net\sf\dozer\dozer\4.2.1\dozer-4.2.1.jar;D:\jtb\data\maven2\fr\generali\espaceclient\proxy\generic-client\11.0\generic-client-11.0.jar;D:\jtb\data\maven2\fr\generali\espaceclient\proxy\generic-proxy-client\11.0\generic-proxy-client-11.0.jar;D:\jtb\data\maven2\fr\generali\espaceclient\proxy\proxy-aspect\11.0\proxy-aspect-11.0.jar;D:\jtb\data\maven2\joda-time\joda-time\1.6\joda-time-1.6.jar;D:\jtb\data\maven2\backport-util-concurrent\backport-util-concurrent\3.1\backport-util-concurrent-3.1.jar;D:\jtb\data\maven2\net\sf\jsr107cache\jsr107cache\1.0\jsr107cache-1.0.jar;D:\jtb\data\maven2\org\apache\solr\solr-commons-csv\1.3.0\solr-commons-csv-1.3.0.jar;D:\jtb\data\maven2\fr\generali\espaceclient\common\common-auth\11.0\common-auth-11.0.jar;D:\jtb\data\maven2\fr\generali\ccj\socle\securite\ccj-securite-spi\1.0.0-RC2\ccj-securite-spi-1.0.0-RC2.jar;D:\jtb\data\maven2\fr\generali\espaceclient\proxy\rce-proxy\11.0\rce-proxy-11.0.jar;D:\jtb\data\maven2\fr\generali\espaceclient\proxy\rce-proxy-client\11.0\rce-proxy-client-11.0.jar;D:\jtb\data\maven2\fr\generali\espaceclient\common\common\11.0\common-11.0.jar;D:\jtb\data\maven2\fr\generali\espaceclient\proxy\rce-proxy-bouchon\11.0\rce-proxy-bouchon-11.0.jar;D:\jtb\data\maven2\fr\generali\espaceclient\proxy\gef2-util\11.0\gef2-util-11.0.jar;D:\jtb\data\maven2\fr\generali\rceclients\services-clients-ws-client\1.3.0\services-clients-ws-client-1.3.0.jar;D:\jtb\data\maven2\fr\generali\resume\resume-ws-client\1.0.4\resume-ws-client-1.0.4.jar;"/>
    <property name="java.vm.specification.version" value="1.0"/>
    <property name="sun.arch.data.model" value="32"/>
    <property name="java.home" value="D:\jtb\softs\5.0.1\apps\jdk\1.6.0-18\jre"/>
    <property name="java.specification.vendor" value="Sun Microsystems Inc."/>
    <property name="user.language" value="fr"/>
    <property name="awt.toolkit" value="sun.awt.windows.WToolkit"/>
    <property name="java.vm.info" value="mixed mode"/>
    <property name="org.apache.maven.global-settings" value="D:\jtb\softs\settings\maven\settings.xml"/>
    <property name="java.version" value="1.6.0_18"/>
    <property name="java.ext.dirs" value="D:\jtb\softs\5.0.1\apps\jdk\1.6.0-18\jre\lib\ext;C:\WINDOWS\Sun\Java\lib\ext"/>
    <property name="sun.boot.class.path" value="D:\jtb\softs\5.0.1\apps\jdk\1.6.0-18\jre\lib\resources.jar;D:\jtb\softs\5.0.1\apps\jdk\1.6.0-18\jre\lib\rt.jar;D:\jtb\softs\5.0.1\apps\jdk\1.6.0-18\jre\lib\sunrsasign.jar;D:\jtb\softs\5.0.1\apps\jdk\1.6.0-18\jre\lib\jsse.jar;D:\jtb\softs\5.0.1\apps\jdk\1.6.0-18\jre\lib\jce.jar;D:\jtb\softs\5.0.1\apps\jdk\1.6.0-18\jre\lib\charsets.jar;D:\jtb\softs\5.0.1\apps\jdk\1.6.0-18\jre\classes"/>
    <property name="java.vendor" value="Sun Microsystems Inc."/>
    <property name="localRepository" value="D:\jtb\data\maven2"/>
    <property name="file.separator" value="\"/>
    <property name="java.vendor.url.bug" value="http://java.sun.com/cgi-bin/bugreport.cgi"/>
    <property name="sun.cpu.endian" value="little"/>
    <property name="sun.io.unicode.encoding" value="UnicodeLittle"/>
    <property name="sun.desktop" value="windows"/>
    <property name="sun.cpu.isalist" value="pentium_pro+mmx pentium_pro pentium+mmx pentium i486 i386 i86"/>
  </properties>
  <testcase time="0" classname="fr.generali.gfb.ws.sinistre.converter.auto.DeclarationSinistreIncendieConverterTest" name="convertSinistre"/>
</testsuite>