<?xml version="1.0" encoding="UTF-8" ?>
<testsuite failures="0" time="1.766" errors="0" skipped="0" tests="2" name="fr.home.my.dao.DaoTest">
  <properties>
    <property name="java.runtime.name" value="Java(TM) SE Runtime Environment"/>
    <property name="sun.boot.library.path" value="D:\jtb\softs\5.0.1\apps\jdk\1.6.0-18\jre\bin"/>
    <property name="java.vm.version" value="16.0-b13"/>
    <property name="java.vm.vendor" value="Sun Microsystems Inc."/>
    <property name="java.vendor.url" value="http://java.sun.com/"/>
    <property name="path.separator" value=";"/>
    <property name="java.vm.name" value="Java HotSpot(TM) Client VM"/>
    <property name="file.encoding.pkg" value="sun.io"/>
    <property name="user.country" value="FR"/>
    <property name="sun.java.launcher" value="SUN_STANDARD"/>
    <property name="sun.os.patch.level" value="Service Pack 3"/>
    <property name="java.vm.specification.name" value="Java Virtual Machine Specification"/>
    <property name="user.dir" value="D:\dev\project\my\dao"/>
    <property name="java.runtime.version" value="1.6.0_18-b07"/>
    <property name="java.awt.graphicsenv" value="sun.awt.Win32GraphicsEnvironment"/>
    <property name="basedir" value="D:\dev\project\my\dao"/>
    <property name="java.endorsed.dirs" value="D:\jtb\softs\5.0.1\apps\jdk\1.6.0-18\jre\lib\endorsed"/>
    <property name="os.arch" value="x86"/>
    <property name="surefire.real.class.path" value="D:\TEMP\surefirebooter7580594571853548765.jar"/>
    <property name="java.io.tmpdir" value="D:\TEMP\"/>
    <property name="line.separator" value="
"/>
    <property name="java.vm.specification.vendor" value="Sun Microsystems Inc."/>
    <property name="user.variant" value=""/>
    <property name="os.name" value="Windows XP"/>
    <property name="sun.jnu.encoding" value="Cp1252"/>
    <property name="java.library.path" value="D:\jtb\softs\5.0.1\apps\jdk\1.6.0-18\jre\bin;.;C:\WINDOWS\Sun\Java\bin;C:\WINDOWS\system32;C:\WINDOWS;C:\WINDOWS\system32;C:\WINDOWS;C:\WINDOWS\System32\Wbem;C:\WINDOWS\system32\nls;C:\WINDOWS\system32\nls\FRANCAIS;C:\Program Files\Novell\ZENworks\;C:\Program Files\Windows Imaging\;C:\Oracle\ora92\bin;D:\jtb\softs\5.0.1\apps\tortoise-svn-1.6.8.19260-win32-svn-1.6.11\bin;D:\jtb\softs\5.0.1\apps\jdk\1.5.0-21\bin;D:\dev\user\softs\MySQL 5.1\bin;D:\dev\user\softs\apache-maven-2.2.1\bin"/>
    <property name="surefire.test.class.path" value="D:\dev\project\my\dao\target\test-classes;D:\dev\project\my\dao\target\classes;D:\dev\user\softs\apache-maven-2.2.1\repo\org\hibernate\hibernate\3.2.7.ga\hibernate-3.2.7.ga.jar;D:\dev\user\softs\apache-maven-2.2.1\repo\net\sf\ehcache\ehcache\1.2.3\ehcache-1.2.3.jar;D:\dev\user\softs\apache-maven-2.2.1\repo\commons-logging\commons-logging\1.0.4\commons-logging-1.0.4.jar;D:\dev\user\softs\apache-maven-2.2.1\repo\commons-collections\commons-collections\2.1.1\commons-collections-2.1.1.jar;D:\dev\user\softs\apache-maven-2.2.1\repo\javax\transaction\jta\1.1\jta-1.1.jar;D:\dev\user\softs\apache-maven-2.2.1\repo\asm\asm-attrs\1.5.3\asm-attrs-1.5.3.jar;D:\dev\user\softs\apache-maven-2.2.1\repo\dom4j\dom4j\1.6.1\dom4j-1.6.1.jar;D:\dev\user\softs\apache-maven-2.2.1\repo\antlr\antlr\2.7.6\antlr-2.7.6.jar;D:\dev\user\softs\apache-maven-2.2.1\repo\cglib\cglib\2.1_3\cglib-2.1_3.jar;D:\dev\user\softs\apache-maven-2.2.1\repo\asm\asm\1.5.3\asm-1.5.3.jar;D:\dev\user\softs\apache-maven-2.2.1\repo\ant\ant-apache-log4j\1.6.5\ant-apache-log4j-1.6.5.jar;D:\dev\user\softs\apache-maven-2.2.1\repo\org\springframework\spring-core\3.0.3.RELEASE\spring-core-3.0.3.RELEASE.jar;D:\dev\user\softs\apache-maven-2.2.1\repo\org\springframework\spring-asm\3.0.3.RELEASE\spring-asm-3.0.3.RELEASE.jar;D:\dev\user\softs\apache-maven-2.2.1\repo\org\springframework\spring-hibernate3\2.0.8\spring-hibernate3-2.0.8.jar;D:\dev\user\softs\apache-maven-2.2.1\repo\aopalliance\aopalliance\1.0\aopalliance-1.0.jar;D:\dev\user\softs\apache-maven-2.2.1\repo\org\springframework\spring-beans\2.0.8\spring-beans-2.0.8.jar;D:\dev\user\softs\apache-maven-2.2.1\repo\org\springframework\spring-context\2.0.8\spring-context-2.0.8.jar;D:\dev\user\softs\apache-maven-2.2.1\repo\org\springframework\spring-dao\2.0.8\spring-dao-2.0.8.jar;D:\dev\user\softs\apache-maven-2.2.1\repo\org\springframework\spring-jdbc\2.0.8\spring-jdbc-2.0.8.jar;D:\dev\user\softs\apache-maven-2.2.1\repo\org\hibernate\hibernate-annotations\3.4.0.GA\hibernate-annotations-3.4.0.GA.jar;D:\dev\user\softs\apache-maven-2.2.1\repo\org\hibernate\ejb3-persistence\1.0.2.GA\ejb3-persistence-1.0.2.GA.jar;D:\dev\user\softs\apache-maven-2.2.1\repo\org\hibernate\hibernate-commons-annotations\3.3.0.ga\hibernate-commons-annotations-3.3.0.ga.jar;D:\dev\user\softs\apache-maven-2.2.1\repo\org\hibernate\hibernate-core\3.3.0.SP1\hibernate-core-3.3.0.SP1.jar;D:\dev\user\softs\apache-maven-2.2.1\repo\javax\persistence\persistence-api\1.0\persistence-api-1.0.jar;D:\dev\user\softs\apache-maven-2.2.1\repo\mysql\mysql-connector-java\5.1.13\mysql-connector-java-5.1.13.jar;D:\dev\user\softs\apache-maven-2.2.1\repo\junit\junit\4.8.1\junit-4.8.1.jar;D:\dev\user\softs\apache-maven-2.2.1\repo\org\springframework\spring-aop\3.0.4.RELEASE\spring-aop-3.0.4.RELEASE.jar;D:\dev\user\softs\apache-maven-2.2.1\repo\org\hibernate\hibernate-c3p0\3.3.2.GA\hibernate-c3p0-3.3.2.GA.jar;D:\dev\user\softs\apache-maven-2.2.1\repo\c3p0\c3p0\0.9.1\c3p0-0.9.1.jar;D:\dev\user\softs\apache-maven-2.2.1\repo\org\slf4j\slf4j-api\1.6.1\slf4j-api-1.6.1.jar;D:\dev\user\softs\apache-maven-2.2.1\repo\log4j\log4j\1.2.8\log4j-1.2.8.jar;D:\dev\user\softs\apache-maven-2.2.1\repo\org\slf4j\slf4j-jdk14\1.6.1\slf4j-jdk14-1.6.1.jar;D:\dev\user\softs\apache-maven-2.2.1\repo\org\slf4j\slf4j-log4j12\1.6.1\slf4j-log4j12-1.6.1.jar;D:\dev\user\softs\apache-maven-2.2.1\repo\org\slf4j\slf4j-nop\1.6.1\slf4j-nop-1.6.1.jar;D:\dev\user\softs\apache-maven-2.2.1\repo\org\slf4j\slf4j-simple\1.6.1\slf4j-simple-1.6.1.jar;"/>
    <property name="java.specification.name" value="Java Platform API Specification"/>
    <property name="java.class.version" value="50.0"/>
    <property name="sun.management.compiler" value="HotSpot Client Compiler"/>
    <property name="os.version" value="5.1"/>
    <property name="user.home" value="D:\Documents and Settings\a000ddz"/>
    <property name="user.timezone" value="Europe/Paris"/>
    <property name="java.awt.printerjob" value="sun.awt.windows.WPrinterJob"/>
    <property name="java.specification.version" value="1.6"/>
    <property name="file.encoding" value="Cp1252"/>
    <property name="user.name" value="a000ddz"/>
    <property name="java.class.path" value="D:\dev\project\my\dao\target\test-classes;D:\dev\project\my\dao\target\classes;D:\dev\user\softs\apache-maven-2.2.1\repo\org\hibernate\hibernate\3.2.7.ga\hibernate-3.2.7.ga.jar;D:\dev\user\softs\apache-maven-2.2.1\repo\net\sf\ehcache\ehcache\1.2.3\ehcache-1.2.3.jar;D:\dev\user\softs\apache-maven-2.2.1\repo\commons-logging\commons-logging\1.0.4\commons-logging-1.0.4.jar;D:\dev\user\softs\apache-maven-2.2.1\repo\commons-collections\commons-collections\2.1.1\commons-collections-2.1.1.jar;D:\dev\user\softs\apache-maven-2.2.1\repo\javax\transaction\jta\1.1\jta-1.1.jar;D:\dev\user\softs\apache-maven-2.2.1\repo\asm\asm-attrs\1.5.3\asm-attrs-1.5.3.jar;D:\dev\user\softs\apache-maven-2.2.1\repo\dom4j\dom4j\1.6.1\dom4j-1.6.1.jar;D:\dev\user\softs\apache-maven-2.2.1\repo\antlr\antlr\2.7.6\antlr-2.7.6.jar;D:\dev\user\softs\apache-maven-2.2.1\repo\cglib\cglib\2.1_3\cglib-2.1_3.jar;D:\dev\user\softs\apache-maven-2.2.1\repo\asm\asm\1.5.3\asm-1.5.3.jar;D:\dev\user\softs\apache-maven-2.2.1\repo\ant\ant-apache-log4j\1.6.5\ant-apache-log4j-1.6.5.jar;D:\dev\user\softs\apache-maven-2.2.1\repo\org\springframework\spring-core\3.0.3.RELEASE\spring-core-3.0.3.RELEASE.jar;D:\dev\user\softs\apache-maven-2.2.1\repo\org\springframework\spring-asm\3.0.3.RELEASE\spring-asm-3.0.3.RELEASE.jar;D:\dev\user\softs\apache-maven-2.2.1\repo\org\springframework\spring-hibernate3\2.0.8\spring-hibernate3-2.0.8.jar;D:\dev\user\softs\apache-maven-2.2.1\repo\aopalliance\aopalliance\1.0\aopalliance-1.0.jar;D:\dev\user\softs\apache-maven-2.2.1\repo\org\springframework\spring-beans\2.0.8\spring-beans-2.0.8.jar;D:\dev\user\softs\apache-maven-2.2.1\repo\org\springframework\spring-context\2.0.8\spring-context-2.0.8.jar;D:\dev\user\softs\apache-maven-2.2.1\repo\org\springframework\spring-dao\2.0.8\spring-dao-2.0.8.jar;D:\dev\user\softs\apache-maven-2.2.1\repo\org\springframework\spring-jdbc\2.0.8\spring-jdbc-2.0.8.jar;D:\dev\user\softs\apache-maven-2.2.1\repo\org\hibernate\hibernate-annotations\3.4.0.GA\hibernate-annotations-3.4.0.GA.jar;D:\dev\user\softs\apache-maven-2.2.1\repo\org\hibernate\ejb3-persistence\1.0.2.GA\ejb3-persistence-1.0.2.GA.jar;D:\dev\user\softs\apache-maven-2.2.1\repo\org\hibernate\hibernate-commons-annotations\3.3.0.ga\hibernate-commons-annotations-3.3.0.ga.jar;D:\dev\user\softs\apache-maven-2.2.1\repo\org\hibernate\hibernate-core\3.3.0.SP1\hibernate-core-3.3.0.SP1.jar;D:\dev\user\softs\apache-maven-2.2.1\repo\javax\persistence\persistence-api\1.0\persistence-api-1.0.jar;D:\dev\user\softs\apache-maven-2.2.1\repo\mysql\mysql-connector-java\5.1.13\mysql-connector-java-5.1.13.jar;D:\dev\user\softs\apache-maven-2.2.1\repo\junit\junit\4.8.1\junit-4.8.1.jar;D:\dev\user\softs\apache-maven-2.2.1\repo\org\springframework\spring-aop\3.0.4.RELEASE\spring-aop-3.0.4.RELEASE.jar;D:\dev\user\softs\apache-maven-2.2.1\repo\org\hibernate\hibernate-c3p0\3.3.2.GA\hibernate-c3p0-3.3.2.GA.jar;D:\dev\user\softs\apache-maven-2.2.1\repo\c3p0\c3p0\0.9.1\c3p0-0.9.1.jar;D:\dev\user\softs\apache-maven-2.2.1\repo\org\slf4j\slf4j-api\1.6.1\slf4j-api-1.6.1.jar;D:\dev\user\softs\apache-maven-2.2.1\repo\log4j\log4j\1.2.8\log4j-1.2.8.jar;D:\dev\user\softs\apache-maven-2.2.1\repo\org\slf4j\slf4j-jdk14\1.6.1\slf4j-jdk14-1.6.1.jar;D:\dev\user\softs\apache-maven-2.2.1\repo\org\slf4j\slf4j-log4j12\1.6.1\slf4j-log4j12-1.6.1.jar;D:\dev\user\softs\apache-maven-2.2.1\repo\org\slf4j\slf4j-nop\1.6.1\slf4j-nop-1.6.1.jar;D:\dev\user\softs\apache-maven-2.2.1\repo\org\slf4j\slf4j-simple\1.6.1\slf4j-simple-1.6.1.jar;"/>
    <property name="java.vm.specification.version" value="1.0"/>
    <property name="sun.arch.data.model" value="32"/>
    <property name="java.home" value="D:\jtb\softs\5.0.1\apps\jdk\1.6.0-18\jre"/>
    <property name="java.specification.vendor" value="Sun Microsystems Inc."/>
    <property name="user.language" value="fr"/>
    <property name="awt.toolkit" value="sun.awt.windows.WToolkit"/>
    <property name="java.vm.info" value="mixed mode"/>
    <property name="java.version" value="1.6.0_18"/>
    <property name="java.ext.dirs" value="D:\jtb\softs\5.0.1\apps\jdk\1.6.0-18\jre\lib\ext;C:\WINDOWS\Sun\Java\lib\ext"/>
    <property name="sun.boot.class.path" value="D:\jtb\softs\5.0.1\apps\jdk\1.6.0-18\jre\lib\resources.jar;D:\jtb\softs\5.0.1\apps\jdk\1.6.0-18\jre\lib\rt.jar;D:\jtb\softs\5.0.1\apps\jdk\1.6.0-18\jre\lib\sunrsasign.jar;D:\jtb\softs\5.0.1\apps\jdk\1.6.0-18\jre\lib\jsse.jar;D:\jtb\softs\5.0.1\apps\jdk\1.6.0-18\jre\lib\jce.jar;D:\jtb\softs\5.0.1\apps\jdk\1.6.0-18\jre\lib\charsets.jar;D:\jtb\softs\5.0.1\apps\jdk\1.6.0-18\jre\classes"/>
    <property name="java.vendor" value="Sun Microsystems Inc."/>
    <property name="localRepository" value="D:\dev\user\softs\apache-maven-2.2.1\repo"/>
    <property name="file.separator" value="\"/>
    <property name="java.vendor.url.bug" value="http://java.sun.com/cgi-bin/bugreport.cgi"/>
    <property name="sun.cpu.endian" value="little"/>
    <property name="sun.io.unicode.encoding" value="UnicodeLittle"/>
    <property name="sun.desktop" value="windows"/>
    <property name="sun.cpu.isalist" value="pentium_pro+mmx pentium_pro pentium+mmx pentium i486 i386 i86"/>
  </properties>
  <testcase time="1.39" classname="fr.home.my.dao.DaoTest" name="getUsersByFiltersTest"/>
  <testcase time="0.344" classname="fr.home.my.dao.DaoTest" name="getRoleByFiltersTest"/>
</testsuite>